  Barco.cpp
C:\Users\HectorCorRod\source\repos\Carrera de Barcos\Carrera de Barcos\Barco.cpp(3,8): error C2653: 'Barco': no es un nombre de clase o espacio de nombres
C:\Users\HectorCorRod\source\repos\Carrera de Barcos\Carrera de Barcos\Barco.cpp(3,24): error C4430: falta el especificador de tipo; se presupone int. Nota: C++ no admite default-int
C:\Users\HectorCorRod\source\repos\Carrera de Barcos\Carrera de Barcos\Barco.cpp(3,15): error C2146: error de sintaxis: falta ';' delante del identificador 'getNombre'
C:\Users\HectorCorRod\source\repos\Carrera de Barcos\Carrera de Barcos\Barco.cpp(4,1): error C2143: error de sintaxis: falta ';' delante de '{'
C:\Users\HectorCorRod\source\repos\Carrera de Barcos\Carrera de Barcos\Barco.cpp(4,1): error C2447: '{': falta el encabezado de función (¿lista formal de estilo anterior?)
C:\Users\HectorCorRod\source\repos\Carrera de Barcos\Carrera de Barcos\Barco.cpp(8,6): error C2653: 'Barco': no es un nombre de clase o espacio de nombres
C:\Users\HectorCorRod\source\repos\Carrera de Barcos\Carrera de Barcos\Barco.cpp(8,13): error C2182: 'setNombre': este uso de 'void' no es válido
C:\Users\HectorCorRod\source\repos\Carrera de Barcos\Carrera de Barcos\Barco.cpp(8,30): error C2146: error de sintaxis: falta ')' delante del identificador 'pNombre'
C:\Users\HectorCorRod\source\repos\Carrera de Barcos\Carrera de Barcos\Barco.cpp(9,1): error C2143: error de sintaxis: falta ';' delante de '{'
C:\Users\HectorCorRod\source\repos\Carrera de Barcos\Carrera de Barcos\Barco.cpp(9,1): error C2447: '{': falta el encabezado de función (¿lista formal de estilo anterior?)
C:\Users\HectorCorRod\source\repos\Carrera de Barcos\Carrera de Barcos\Barco.cpp(13,5): error C2653: 'Barco': no es un nombre de clase o espacio de nombres
C:\Users\HectorCorRod\source\repos\Carrera de Barcos\Carrera de Barcos\Barco.cpp(18,6): error C2653: 'Barco': no es un nombre de clase o espacio de nombres
C:\Users\HectorCorRod\source\repos\Carrera de Barcos\Carrera de Barcos\Barco.cpp(20,5): error C2065: 'velocidad': identificador no declarado
C:\Users\HectorCorRod\source\repos\Carrera de Barcos\Carrera de Barcos\Barco.cpp(23,5): error C2653: 'Barco': no es un nombre de clase o espacio de nombres
C:\Users\HectorCorRod\source\repos\Carrera de Barcos\Carrera de Barcos\Barco.cpp(28,6): error C2653: 'Barco': no es un nombre de clase o espacio de nombres
C:\Users\HectorCorRod\source\repos\Carrera de Barcos\Carrera de Barcos\Barco.cpp(30,5): error C2065: 'distancia': identificador no declarado
C:\Users\HectorCorRod\source\repos\Carrera de Barcos\Carrera de Barcos\Barco.cpp(33,5): error C2653: 'Barco': no es un nombre de clase o espacio de nombres
C:\Users\HectorCorRod\source\repos\Carrera de Barcos\Carrera de Barcos\Barco.cpp(38,6): error C2653: 'Barco': no es un nombre de clase o espacio de nombres
C:\Users\HectorCorRod\source\repos\Carrera de Barcos\Carrera de Barcos\Barco.cpp(40,5): error C2065: 'nitro': identificador no declarado
C:\Users\HectorCorRod\source\repos\Carrera de Barcos\Carrera de Barcos\Barco.h(9,5): error C2872: 'string': símbolo ambiguo
C:\Users\HectorCorRod\source\repos\Carrera de Barcos\Carrera de Barcos\Barco.cpp(3,1): message : puede ser 'int string'
C:\Program Files\Microsoft Visual Studio\2022\Community\VC\Tools\MSVC\14.37.32822\include\xstring(5119,19): message : o       'std::string'
C:\Users\HectorCorRod\source\repos\Carrera de Barcos\Carrera de Barcos\Barco.h(9,12): error C3646: 'nombre': especificador de invalidación desconocido
C:\Users\HectorCorRod\source\repos\Carrera de Barcos\Carrera de Barcos\Barco.h(9,18): error C4430: falta el especificador de tipo; se presupone int. Nota: C++ no admite default-int
C:\Users\HectorCorRod\source\repos\Carrera de Barcos\Carrera de Barcos\Barco.h(15,5): error C2872: 'string': símbolo ambiguo
C:\Users\HectorCorRod\source\repos\Carrera de Barcos\Carrera de Barcos\Barco.cpp(3,1): message : puede ser 'int string'
C:\Program Files\Microsoft Visual Studio\2022\Community\VC\Tools\MSVC\14.37.32822\include\xstring(5119,19): message : o       'std::string'
C:\Users\HectorCorRod\source\repos\Carrera de Barcos\Carrera de Barcos\Barco.h(15,12): error C3646: 'getNombre': especificador de invalidación desconocido
C:\Users\HectorCorRod\source\repos\Carrera de Barcos\Carrera de Barcos\Barco.h(15,21): error C2059: error de sintaxis: '('
C:\Users\HectorCorRod\source\repos\Carrera de Barcos\Carrera de Barcos\Barco.h(15,23): error C2238: símbolos (token) inesperados delante de ';'
C:\Users\HectorCorRod\source\repos\Carrera de Barcos\Carrera de Barcos\Barco.h(16,20): error C2872: 'string': símbolo ambiguo
C:\Users\HectorCorRod\source\repos\Carrera de Barcos\Carrera de Barcos\Barco.cpp(3,1): message : puede ser 'int string'
C:\Program Files\Microsoft Visual Studio\2022\Community\VC\Tools\MSVC\14.37.32822\include\xstring(5119,19): message : o       'std::string'
C:\Users\HectorCorRod\source\repos\Carrera de Barcos\Carrera de Barcos\Barco.h(16,20): error C2061: error de sintaxis: identificador 'string'
C:\Users\HectorCorRod\source\repos\Carrera de Barcos\Carrera de Barcos\Barco.h(26,11): error C2872: 'string': símbolo ambiguo
C:\Users\HectorCorRod\source\repos\Carrera de Barcos\Carrera de Barcos\Barco.cpp(3,1): message : puede ser 'int string'
C:\Program Files\Microsoft Visual Studio\2022\Community\VC\Tools\MSVC\14.37.32822\include\xstring(5119,19): message : o       'std::string'
C:\Users\HectorCorRod\source\repos\Carrera de Barcos\Carrera de Barcos\Barco.h(26,11): error C2061: error de sintaxis: identificador 'string'
C:\Users\HectorCorRod\source\repos\Carrera de Barcos\Carrera de Barcos\Barco.h(26,5): error C2535: 'Barco::Barco(void)': función miembro ya definida o declarada
C:\Users\HectorCorRod\source\repos\Carrera de Barcos\Carrera de Barcos\Barco.h(25,5): message : vea la declaración de 'Barco::Barco'
C:\Users\HectorCorRod\source\repos\Carrera de Barcos\Carrera de Barcos\Barco.h(26,30): error C2065: 'n': identificador no declarado
C:\Users\HectorCorRod\source\repos\Carrera de Barcos\Carrera de Barcos\Barco.h(26,23): error C2614: 'Barco': inicialización de miembro no válida: 'nombre' no es una base o miembro
C:\Users\HectorCorRod\source\repos\Carrera de Barcos\Carrera de Barcos\Barco.cpp(3,1): error C2872: 'string': símbolo ambiguo
C:\Users\HectorCorRod\source\repos\Carrera de Barcos\Carrera de Barcos\Barco.cpp(3,1): message : puede ser 'int string'
C:\Program Files\Microsoft Visual Studio\2022\Community\VC\Tools\MSVC\14.37.32822\include\xstring(5119,19): message : o       'std::string'
C:\Users\HectorCorRod\source\repos\Carrera de Barcos\Carrera de Barcos\Barco.cpp(3,15): error C2039: "getNombre": no es un miembro de "Barco"
C:\Users\HectorCorRod\source\repos\Carrera de Barcos\Carrera de Barcos\Barco.h(7,7): message : vea la declaración de 'Barco'
C:\Users\HectorCorRod\source\repos\Carrera de Barcos\Carrera de Barcos\Barco.cpp(3,24): error C4430: falta el especificador de tipo; se presupone int. Nota: C++ no admite default-int
C:\Users\HectorCorRod\source\repos\Carrera de Barcos\Carrera de Barcos\Barco.cpp(3,1): error C2086: 'int string': nueva definición
C:\Users\HectorCorRod\source\repos\Carrera de Barcos\Carrera de Barcos\Barco.cpp(3,1): message : vea la declaración de 'string'
C:\Users\HectorCorRod\source\repos\Carrera de Barcos\Carrera de Barcos\Barco.cpp(3,15): error C2146: error de sintaxis: falta ';' delante del identificador 'getNombre'
C:\Users\HectorCorRod\source\repos\Carrera de Barcos\Carrera de Barcos\Barco.cpp(4,1): error C2143: error de sintaxis: falta ';' delante de '{'
C:\Users\HectorCorRod\source\repos\Carrera de Barcos\Carrera de Barcos\Barco.cpp(4,1): error C2447: '{': falta el encabezado de función (¿lista formal de estilo anterior?)
C:\Users\HectorCorRod\source\repos\Carrera de Barcos\Carrera de Barcos\Barco.cpp(8,23): error C2872: 'string': símbolo ambiguo
C:\Users\HectorCorRod\source\repos\Carrera de Barcos\Carrera de Barcos\Barco.cpp(3,1): message : puede ser 'int string'
C:\Program Files\Microsoft Visual Studio\2022\Community\VC\Tools\MSVC\14.37.32822\include\xstring(5119,19): message : o       'std::string'
C:\Users\HectorCorRod\source\repos\Carrera de Barcos\Carrera de Barcos\Barco.cpp(8,30): error C2761: "void Barco::setNombre(void)": no se permite la nueva declaración del miembro
C:\Users\HectorCorRod\source\repos\Carrera de Barcos\Carrera de Barcos\Barco.cpp(8,30): error C2146: error de sintaxis: falta ')' delante del identificador 'pNombre'
C:\Users\HectorCorRod\source\repos\Carrera de Barcos\Carrera de Barcos\Barco.cpp(9,1): error C2143: error de sintaxis: falta ';' delante de '{'
C:\Users\HectorCorRod\source\repos\Carrera de Barcos\Carrera de Barcos\Barco.cpp(9,1): error C2447: '{': falta el encabezado de función (¿lista formal de estilo anterior?)
  Carrera de Barcos.cpp
C:\Users\HectorCorRod\source\repos\Carrera de Barcos\Carrera de Barcos\Barco.cpp(3,8): error C2653: 'Barco': no es un nombre de clase o espacio de nombres
C:\Users\HectorCorRod\source\repos\Carrera de Barcos\Carrera de Barcos\Barco.cpp(3,24): error C4430: falta el especificador de tipo; se presupone int. Nota: C++ no admite default-int
C:\Users\HectorCorRod\source\repos\Carrera de Barcos\Carrera de Barcos\Barco.cpp(3,15): error C2146: error de sintaxis: falta ';' delante del identificador 'getNombre'
C:\Users\HectorCorRod\source\repos\Carrera de Barcos\Carrera de Barcos\Barco.cpp(4,1): error C2143: error de sintaxis: falta ';' delante de '{'
C:\Users\HectorCorRod\source\repos\Carrera de Barcos\Carrera de Barcos\Barco.cpp(4,1): error C2447: '{': falta el encabezado de función (¿lista formal de estilo anterior?)
C:\Users\HectorCorRod\source\repos\Carrera de Barcos\Carrera de Barcos\Barco.cpp(8,6): error C2653: 'Barco': no es un nombre de clase o espacio de nombres
C:\Users\HectorCorRod\source\repos\Carrera de Barcos\Carrera de Barcos\Barco.cpp(8,13): error C2182: 'setNombre': este uso de 'void' no es válido
C:\Users\HectorCorRod\source\repos\Carrera de Barcos\Carrera de Barcos\Barco.cpp(8,30): error C2146: error de sintaxis: falta ')' delante del identificador 'pNombre'
C:\Users\HectorCorRod\source\repos\Carrera de Barcos\Carrera de Barcos\Barco.cpp(9,1): error C2143: error de sintaxis: falta ';' delante de '{'
C:\Users\HectorCorRod\source\repos\Carrera de Barcos\Carrera de Barcos\Barco.cpp(9,1): error C2447: '{': falta el encabezado de función (¿lista formal de estilo anterior?)
C:\Users\HectorCorRod\source\repos\Carrera de Barcos\Carrera de Barcos\Barco.cpp(13,5): error C2653: 'Barco': no es un nombre de clase o espacio de nombres
C:\Users\HectorCorRod\source\repos\Carrera de Barcos\Carrera de Barcos\Barco.cpp(18,6): error C2653: 'Barco': no es un nombre de clase o espacio de nombres
C:\Users\HectorCorRod\source\repos\Carrera de Barcos\Carrera de Barcos\Barco.cpp(20,5): error C2065: 'velocidad': identificador no declarado
C:\Users\HectorCorRod\source\repos\Carrera de Barcos\Carrera de Barcos\Barco.cpp(23,5): error C2653: 'Barco': no es un nombre de clase o espacio de nombres
C:\Users\HectorCorRod\source\repos\Carrera de Barcos\Carrera de Barcos\Barco.cpp(28,6): error C2653: 'Barco': no es un nombre de clase o espacio de nombres
C:\Users\HectorCorRod\source\repos\Carrera de Barcos\Carrera de Barcos\Barco.cpp(30,5): error C2065: 'distancia': identificador no declarado
C:\Users\HectorCorRod\source\repos\Carrera de Barcos\Carrera de Barcos\Barco.cpp(33,5): error C2653: 'Barco': no es un nombre de clase o espacio de nombres
C:\Users\HectorCorRod\source\repos\Carrera de Barcos\Carrera de Barcos\Barco.cpp(38,6): error C2653: 'Barco': no es un nombre de clase o espacio de nombres
C:\Users\HectorCorRod\source\repos\Carrera de Barcos\Carrera de Barcos\Barco.cpp(40,5): error C2065: 'nitro': identificador no declarado
C:\Users\HectorCorRod\source\repos\Carrera de Barcos\Carrera de Barcos\Barco.h(9,5): error C2872: 'string': símbolo ambiguo
C:\Users\HectorCorRod\source\repos\Carrera de Barcos\Carrera de Barcos\Barco.cpp(3,1): message : puede ser 'int string'
C:\Program Files\Microsoft Visual Studio\2022\Community\VC\Tools\MSVC\14.37.32822\include\xstring(5119,19): message : o       'std::string'
C:\Users\HectorCorRod\source\repos\Carrera de Barcos\Carrera de Barcos\Barco.h(9,12): error C3646: 'nombre': especificador de invalidación desconocido
C:\Users\HectorCorRod\source\repos\Carrera de Barcos\Carrera de Barcos\Barco.h(9,18): error C4430: falta el especificador de tipo; se presupone int. Nota: C++ no admite default-int
C:\Users\HectorCorRod\source\repos\Carrera de Barcos\Carrera de Barcos\Barco.h(15,5): error C2872: 'string': símbolo ambiguo
C:\Users\HectorCorRod\source\repos\Carrera de Barcos\Carrera de Barcos\Barco.cpp(3,1): message : puede ser 'int string'
C:\Program Files\Microsoft Visual Studio\2022\Community\VC\Tools\MSVC\14.37.32822\include\xstring(5119,19): message : o       'std::string'
C:\Users\HectorCorRod\source\repos\Carrera de Barcos\Carrera de Barcos\Barco.h(15,12): error C3646: 'getNombre': especificador de invalidación desconocido
C:\Users\HectorCorRod\source\repos\Carrera de Barcos\Carrera de Barcos\Barco.h(15,21): error C2059: error de sintaxis: '('
C:\Users\HectorCorRod\source\repos\Carrera de Barcos\Carrera de Barcos\Barco.h(15,23): error C2238: símbolos (token) inesperados delante de ';'
C:\Users\HectorCorRod\source\repos\Carrera de Barcos\Carrera de Barcos\Barco.h(16,20): error C2872: 'string': símbolo ambiguo
C:\Users\HectorCorRod\source\repos\Carrera de Barcos\Carrera de Barcos\Barco.cpp(3,1): message : puede ser 'int string'
C:\Program Files\Microsoft Visual Studio\2022\Community\VC\Tools\MSVC\14.37.32822\include\xstring(5119,19): message : o       'std::string'
C:\Users\HectorCorRod\source\repos\Carrera de Barcos\Carrera de Barcos\Barco.h(16,20): error C2061: error de sintaxis: identificador 'string'
C:\Users\HectorCorRod\source\repos\Carrera de Barcos\Carrera de Barcos\Barco.h(26,11): error C2872: 'string': símbolo ambiguo
C:\Users\HectorCorRod\source\repos\Carrera de Barcos\Carrera de Barcos\Barco.cpp(3,1): message : puede ser 'int string'
C:\Program Files\Microsoft Visual Studio\2022\Community\VC\Tools\MSVC\14.37.32822\include\xstring(5119,19): message : o       'std::string'
C:\Users\HectorCorRod\source\repos\Carrera de Barcos\Carrera de Barcos\Barco.h(26,11): error C2061: error de sintaxis: identificador 'string'
C:\Users\HectorCorRod\source\repos\Carrera de Barcos\Carrera de Barcos\Barco.h(26,5): error C2535: 'Barco::Barco(void)': función miembro ya definida o declarada
C:\Users\HectorCorRod\source\repos\Carrera de Barcos\Carrera de Barcos\Barco.h(25,5): message : vea la declaración de 'Barco::Barco'
C:\Users\HectorCorRod\source\repos\Carrera de Barcos\Carrera de Barcos\Barco.h(26,30): error C2065: 'n': identificador no declarado
C:\Users\HectorCorRod\source\repos\Carrera de Barcos\Carrera de Barcos\Barco.h(26,23): error C2614: 'Barco': inicialización de miembro no válida: 'nombre' no es una base o miembro
C:\Users\HectorCorRod\source\repos\Carrera de Barcos\Carrera de Barcos\Barco.cpp(3,1): error C2872: 'string': símbolo ambiguo
C:\Users\HectorCorRod\source\repos\Carrera de Barcos\Carrera de Barcos\Barco.cpp(3,1): message : puede ser 'int string'
C:\Program Files\Microsoft Visual Studio\2022\Community\VC\Tools\MSVC\14.37.32822\include\xstring(5119,19): message : o       'std::string'
C:\Users\HectorCorRod\source\repos\Carrera de Barcos\Carrera de Barcos\Barco.cpp(3,15): error C2039: "getNombre": no es un miembro de "Barco"
C:\Users\HectorCorRod\source\repos\Carrera de Barcos\Carrera de Barcos\Barco.h(7,7): message : vea la declaración de 'Barco'
C:\Users\HectorCorRod\source\repos\Carrera de Barcos\Carrera de Barcos\Barco.cpp(3,24): error C4430: falta el especificador de tipo; se presupone int. Nota: C++ no admite default-int
C:\Users\HectorCorRod\source\repos\Carrera de Barcos\Carrera de Barcos\Barco.cpp(3,1): error C2086: 'int string': nueva definición
C:\Users\HectorCorRod\source\repos\Carrera de Barcos\Carrera de Barcos\Barco.cpp(3,1): message : vea la declaración de 'string'
C:\Users\HectorCorRod\source\repos\Carrera de Barcos\Carrera de Barcos\Barco.cpp(3,15): error C2146: error de sintaxis: falta ';' delante del identificador 'getNombre'
C:\Users\HectorCorRod\source\repos\Carrera de Barcos\Carrera de Barcos\Barco.cpp(4,1): error C2143: error de sintaxis: falta ';' delante de '{'
C:\Users\HectorCorRod\source\repos\Carrera de Barcos\Carrera de Barcos\Barco.cpp(4,1): error C2447: '{': falta el encabezado de función (¿lista formal de estilo anterior?)
C:\Users\HectorCorRod\source\repos\Carrera de Barcos\Carrera de Barcos\Barco.cpp(8,23): error C2872: 'string': símbolo ambiguo
C:\Users\HectorCorRod\source\repos\Carrera de Barcos\Carrera de Barcos\Barco.cpp(3,1): message : puede ser 'int string'
C:\Program Files\Microsoft Visual Studio\2022\Community\VC\Tools\MSVC\14.37.32822\include\xstring(5119,19): message : o       'std::string'
C:\Users\HectorCorRod\source\repos\Carrera de Barcos\Carrera de Barcos\Barco.cpp(8,30): error C2761: "void Barco::setNombre(void)": no se permite la nueva declaración del miembro
C:\Users\HectorCorRod\source\repos\Carrera de Barcos\Carrera de Barcos\Barco.cpp(8,30): error C2146: error de sintaxis: falta ')' delante del identificador 'pNombre'
C:\Users\HectorCorRod\source\repos\Carrera de Barcos\Carrera de Barcos\Barco.cpp(9,1): error C2143: error de sintaxis: falta ';' delante de '{'
C:\Users\HectorCorRod\source\repos\Carrera de Barcos\Carrera de Barcos\Barco.cpp(9,1): error C2447: '{': falta el encabezado de función (¿lista formal de estilo anterior?)
C:\Users\HectorCorRod\source\repos\Carrera de Barcos\Carrera de Barcos\Carrera de Barcos.cpp(12,16): error C2065: 'barco': identificador no declarado
C:\Users\HectorCorRod\source\repos\Carrera de Barcos\Carrera de Barcos\Carrera de Barcos.cpp(19,5): error C2065: 'barco': identificador no declarado
C:\Users\HectorCorRod\source\repos\Carrera de Barcos\Carrera de Barcos\Carrera de Barcos.cpp(20,5): error C2065: 'barco': identificador no declarado
C:\Users\HectorCorRod\source\repos\Carrera de Barcos\Carrera de Barcos\Carrera de Barcos.cpp(25,21): error C2665: 'Barco::Barco':ninguna función sobrecargada pudo convertir todos los tipos de argumento
C:\Users\HectorCorRod\source\repos\Carrera de Barcos\Carrera de Barcos\Barco.h(29,1): message : puede ser 'Barco::Barco(Barco &&)'
C:\Users\HectorCorRod\source\repos\Carrera de Barcos\Carrera de Barcos\Carrera de Barcos.cpp(25,21): message : 'Barco::Barco(Barco &&)': el argumento 1 no puede convertirse de 'const char [9]' a 'Barco &&'
C:\Users\HectorCorRod\source\repos\Carrera de Barcos\Carrera de Barcos\Carrera de Barcos.cpp(25,22): message : Razón: no se puede realizar la conversión de 'const char [9]' a 'Barco'
C:\Users\HectorCorRod\source\repos\Carrera de Barcos\Carrera de Barcos\Barco.h(29,1): message : o       'Barco::Barco(const Barco &)'
C:\Users\HectorCorRod\source\repos\Carrera de Barcos\Carrera de Barcos\Carrera de Barcos.cpp(25,21): message : 'Barco::Barco(const Barco &)': el argumento 1 no puede convertirse de 'const char [9]' a 'const Barco &'
C:\Users\HectorCorRod\source\repos\Carrera de Barcos\Carrera de Barcos\Carrera de Barcos.cpp(25,22): message : Razón: no se puede realizar la conversión de 'const char [9]' a 'const Barco'
C:\Users\HectorCorRod\source\repos\Carrera de Barcos\Carrera de Barcos\Carrera de Barcos.cpp(25,21): message : al hacer coincidir la lista de argumentos '(const char [9])'
C:\Users\HectorCorRod\source\repos\Carrera de Barcos\Carrera de Barcos\Carrera de Barcos.cpp(27,15): error C2660: 'Barco::setNombre': la función no acepta 1 argumentos
C:\Users\HectorCorRod\source\repos\Carrera de Barcos\Carrera de Barcos\Barco.h(16,10): message : vea la declaración de 'Barco::setNombre'
C:\Users\HectorCorRod\source\repos\Carrera de Barcos\Carrera de Barcos\Carrera de Barcos.cpp(27,15): message : al hacer coincidir la lista de argumentos '(const char [7])'
C:\Users\HectorCorRod\source\repos\Carrera de Barcos\Carrera de Barcos\Carrera de Barcos.cpp(32,48): error C2039: "getNombre": no es un miembro de "Barco"
C:\Users\HectorCorRod\source\repos\Carrera de Barcos\Carrera de Barcos\Barco.h(7,7): message : vea la declaración de 'Barco'
C:\Users\HectorCorRod\source\repos\Carrera de Barcos\Carrera de Barcos\Carrera de Barcos.cpp(37,21): error C2665: 'Barco::Barco':ninguna función sobrecargada pudo convertir todos los tipos de argumento
C:\Users\HectorCorRod\source\repos\Carrera de Barcos\Carrera de Barcos\Barco.h(29,1): message : puede ser 'Barco::Barco(Barco &&)'
C:\Users\HectorCorRod\source\repos\Carrera de Barcos\Carrera de Barcos\Carrera de Barcos.cpp(37,21): message : 'Barco::Barco(Barco &&)': el argumento 1 no puede convertirse de 'const char [9]' a 'Barco &&'
C:\Users\HectorCorRod\source\repos\Carrera de Barcos\Carrera de Barcos\Carrera de Barcos.cpp(37,22): message : Razón: no se puede realizar la conversión de 'const char [9]' a 'Barco'
C:\Users\HectorCorRod\source\repos\Carrera de Barcos\Carrera de Barcos\Barco.h(29,1): message : o       'Barco::Barco(const Barco &)'
C:\Users\HectorCorRod\source\repos\Carrera de Barcos\Carrera de Barcos\Carrera de Barcos.cpp(37,21): message : 'Barco::Barco(const Barco &)': el argumento 1 no puede convertirse de 'const char [9]' a 'const Barco &'
C:\Users\HectorCorRod\source\repos\Carrera de Barcos\Carrera de Barcos\Carrera de Barcos.cpp(37,22): message : Razón: no se puede realizar la conversión de 'const char [9]' a 'const Barco'
C:\Users\HectorCorRod\source\repos\Carrera de Barcos\Carrera de Barcos\Carrera de Barcos.cpp(37,21): message : al hacer coincidir la lista de argumentos '(const char [9])'
C:\Users\HectorCorRod\source\repos\Carrera de Barcos\Carrera de Barcos\Carrera de Barcos.cpp(39,15): error C2660: 'Barco::setNombre': la función no acepta 1 argumentos
C:\Users\HectorCorRod\source\repos\Carrera de Barcos\Carrera de Barcos\Barco.h(16,10): message : vea la declaración de 'Barco::setNombre'
C:\Users\HectorCorRod\source\repos\Carrera de Barcos\Carrera de Barcos\Carrera de Barcos.cpp(39,15): message : al hacer coincidir la lista de argumentos '(const char [7])'
C:\Users\HectorCorRod\source\repos\Carrera de Barcos\Carrera de Barcos\Carrera de Barcos.cpp(44,48): error C2039: "getNombre": no es un miembro de "Barco"
C:\Users\HectorCorRod\source\repos\Carrera de Barcos\Carrera de Barcos\Barco.h(7,7): message : vea la declaración de 'Barco'
  Generando código...
